current directory: /home/dkirwan/files/git_repos/github/davidkirwan/MakerCulture/bundle/ruby/2.6.0/gems/oj-3.13.9/ext/oj
/home/dkirwan/.rvm/rubies/ruby-2.6.5/bin/ruby -I /home/dkirwan/.rvm/rubies/ruby-2.6.5/lib/ruby/site_ruby/2.6.0 -r ./siteconf20211016-653908-sacktp.rb extconf.rb
>>>>> Creating Makefile for ruby version 2.6.5 on x86_64-linux <<<<<
checking for rb_time_timespec()... yes
checking for rb_ivar_count()... yes
checking for rb_ivar_foreach()... yes
checking for rb_gc_mark_movable()... no
checking for stpcpy()... yes
checking for pthread_mutex_init()... yes
checking for rb_enc_associate()... yes
checking for rb_enc_interned_str()... no
checking for rb_ext_ractor_safe() in ruby.h... no
creating Makefile

current directory: /home/dkirwan/files/git_repos/github/davidkirwan/MakerCulture/bundle/ruby/2.6.0/gems/oj-3.13.9/ext/oj
make "DESTDIR=" clean

current directory: /home/dkirwan/files/git_repos/github/davidkirwan/MakerCulture/bundle/ruby/2.6.0/gems/oj-3.13.9/ext/oj
make "DESTDIR="
compiling cache.c
compiling cache8.c
compiling circarray.c
compiling code.c
compiling compat.c
compiling custom.c
compiling debug.c
compiling dump.c
compiling dump_compat.c
compiling dump_leaf.c
compiling dump_object.c
compiling dump_strict.c
compiling err.c
compiling fast.c
compiling intern.c
compiling mimic_json.c
compiling object.c
compiling odd.c
compiling oj.c
compiling parse.c
compiling parser.c
compiling rails.c
compiling reader.c
compiling resolve.c
compiling rxclass.c
compiling saj.c
compiling saj2.c
compiling scp.c
compiling sparse.c
compiling stream_writer.c
compiling strict.c
compiling string_writer.c
compiling trace.c
compiling usual.c
compiling util.c
compiling val_stack.c
compiling validate.c
compiling wab.c
linking shared-object oj/oj.so

current directory: /home/dkirwan/files/git_repos/github/davidkirwan/MakerCulture/bundle/ruby/2.6.0/gems/oj-3.13.9/ext/oj
make "DESTDIR=" install
/usr/bin/install -c -m 0755 oj.so ./.gem.20211016-653908-1urq8q8/oj
